********************************************************************************
DUPLICATOR-LITE PACKAGE-LOG: August 16, 2021 9:24 pm
NOTICE: Do NOT post to public sites or forums 
********************************************************************************
VERSION:	1.4.2
WORDPRESS:	5.5.1
PHP INFO:	7.3.9 | SAPI: apache2handler
SERVER:		Apache 
PHP TIME LIMIT: (0) no time limit imposed 
PHP MAX MEMORY: 4294967296 (1536M default) 
MEMORY STACK: 6MB

********************************************************************************
DATABASE:
********************************************************************************
BUILD MODE:   MYSQLDUMP
MYSQLTIMEOUT: 5000
MYSQLDUMP:    Is Supported
SQL CREATED: 20210816_pierogibobowskie_43fb182a292e69689371_20210816212355_database.sql
SQL FILE SIZE: 1.16MB (1220051)
SQL FILE TIME: 2021-08-16 21:24:05
SQL RUNTIME: 3.64 sec.

********************************************************************************
ARCHIVE (ZIP):
********************************************************************************
ARCHIVE DIR:  D:/OSPanel/domains/pierogi-bobowskie
ARCHIVE FILE: 20210816_pierogibobowskie_43fb182a292e69689371_20210816212355_archive.zip
FILTERS: *OFF*
DIRS:
	not set
FILES:
	not set
EXTS:  not set
----------------------------------------
COMPRESSING
SIZE:	214.38MB
STATS:	Dirs 709 | Files 6,451
SQL ADDED: 20210816_pierogibobowskie_43fb182a292e69689371_20210816212355_database.sql
ZipArchive Object
(
    [status] => 0
    [statusSys] => 0
    [numFiles] => 7160
    [filename] => D:\OSPanel\domains\pierogi-bobowskie\wp-content\backups-dup-lite\tmp\20210816_pierogibobowskie_43fb182a292e69689371_20210816212355_archive.zip
    [comment] => 
)

FILE ADDED TO ZIP: 7159
[PHP ERR][NOTICE] MSG:ob_flush(): failed to flush buffer. No buffer to flush [CODE:8|FILE:D:\OSPanel\domains\pierogi-bobowskie\wp-content\plugins\duplicator\classes\utilities\class.u.php|LINE:171]
do_action('wp_ajax_duplicator_package_build'), WP_Hook->do_action, WP_Hook->apply_filters, duplicator_package_build, DUP_Package->runZipBuild, DUP_Archive->build, DUP_Zip::create, DUP_Util::fcgiFlush, ob_flush, DUP_Handler::error, DUP_Handler::getMessage
COMPRESSION RESULT: '1'
COMPRESSED SIZE: 72.29MB
ARCHIVE RUNTIME: 53.17 sec.
MEMORY STACK: 8MB
building installer
add_extra_files1
add_extra_files2
add_extra_files3
add_extra_files4
Doing archive file check
add_extra_files5
add_extra_files6
add_extra_files8
Successfully opened zip D:/OSPanel/domains/pierogi-bobowskie/wp-content/backups-dup-lite/tmp/20210816_pierogibobowskie_43fb182a292e69689371_20210816212355_archive.zip
Adding enhanced installer files to archive using ZipArchive
Installer files added to archive
Added to archive
After ziparchive close when adding installer

********************************************************************************
INTEGRITY CHECKS:
********************************************************************************
SQL FILE: 1.16MB
INSTALLER FILE: 64.26KB
ARCHIVE FILE: 73.67MB 
EXPECTED FILE/DIRECTORY COUNT: 7,160
ACTUAL FILE/DIRECTORY COUNT: 7,159
ARCHIVE CONSISTENCY TEST: Pass

********************************************************************************
RECORD ID:[2]
TOTAL PROCESS RUNTIME: 57.70 sec.
PEAK PHP MEMORY USED: 10MB
DONE PROCESSING => 20210816_pierogibobowskie August 16, 2021 9:24 pm

